2005.10.04 22:01 B C:\Dokumente und Einstellungen\Christian Leutwyler\Eigene Dateien\Verband TKS\Homepage\Aktuell\TKS\adliswil\pics\atmung_small.gif --> www.tks-karate.ch /public_html/ag_pruefung/adliswil/pics atmung_small.gif
2005.10.04 22:01 B C:\Dokumente und Einstellungen\Christian Leutwyler\Eigene Dateien\Verband TKS\Homepage\Aktuell\TKS\adliswil\pics\do_small.gif --> www.tks-karate.ch /public_html/ag_pruefung/adliswil/pics do_small.gif
2005.10.04 22:01 B C:\Dokumente und Einstellungen\Christian Leutwyler\Eigene Dateien\Verband TKS\Homepage\Aktuell\TKS\adliswil\pics\erweckung_small.gif --> www.tks-karate.ch /public_html/ag_pruefung/adliswil/pics erweckung_small.gif
2005.10.04 22:01 B C:\Dokumente und Einstellungen\Christian Leutwyler\Eigene Dateien\Verband TKS\Homepage\Aktuell\TKS\adliswil\pics\funakoshi_small.jpg --> www.tks-karate.ch /public_html/ag_pruefung/adliswil/pics funakoshi_small.jpg
2005.10.04 22:01 B C:\Dokumente und Einstellungen\Christian Leutwyler\Eigene Dateien\Verband TKS\Homepage\Aktuell\TKS\adliswil\pics\gurt_blau.gif --> www.tks-karate.ch /public_html/ag_pruefung/adliswil/pics gurt_blau.gif
2005.10.04 22:01 B C:\Dokumente und Einstellungen\Christian Leutwyler\Eigene Dateien\Verband TKS\Homepage\Aktuell\TKS\adliswil\pics\gurt_blau_txt.gif --> www.tks-karate.ch /public_html/ag_pruefung/adliswil/pics gurt_blau_txt.gif
2005.10.04 22:01 B C:\Dokumente und Einstellungen\Christian Leutwyler\Eigene Dateien\Verband TKS\Homepage\Aktuell\TKS\adliswil\pics\gurt_braun.gif --> www.tks-karate.ch /public_html/ag_pruefung/adliswil/pics gurt_braun.gif
2005.10.04 22:01 B C:\Dokumente und Einstellungen\Christian Leutwyler\Eigene Dateien\Verband TKS\Homepage\Aktuell\TKS\adliswil\pics\gurt_braun_txt.gif --> www.tks-karate.ch /public_html/ag_pruefung/adliswil/pics gurt_braun_txt.gif
2005.10.04 22:01 B C:\Dokumente und Einstellungen\Christian Leutwyler\Eigene Dateien\Verband TKS\Homepage\Aktuell\TKS\adliswil\pics\gurt_gelb.gif --> www.tks-karate.ch /public_html/ag_pruefung/adliswil/pics gurt_gelb.gif
2005.10.04 22:01 B C:\Dokumente und Einstellungen\Christian Leutwyler\Eigene Dateien\Verband TKS\Homepage\Aktuell\TKS\adliswil\pics\gurt_gelb_txt.gif --> www.tks-karate.ch /public_html/ag_pruefung/adliswil/pics gurt_gelb_txt.gif
2005.10.04 22:01 B C:\Dokumente und Einstellungen\Christian Leutwyler\Eigene Dateien\Verband TKS\Homepage\Aktuell\TKS\adliswil\pics\gurt_gruen.gif --> www.tks-karate.ch /public_html/ag_pruefung/adliswil/pics gurt_gruen.gif
2005.10.04 22:01 B C:\Dokumente und Einstellungen\Christian Leutwyler\Eigene Dateien\Verband TKS\Homepage\Aktuell\TKS\adliswil\pics\gurt_gruen_txt.gif --> www.tks-karate.ch /public_html/ag_pruefung/adliswil/pics gurt_gruen_txt.gif
2005.10.04 22:01 B C:\Dokumente und Einstellungen\Christian Leutwyler\Eigene Dateien\Verband TKS\Homepage\Aktuell\TKS\adliswil\pics\gurt_orange.gif --> www.tks-karate.ch /public_html/ag_pruefung/adliswil/pics gurt_orange.gif
2005.10.04 22:01 B C:\Dokumente und Einstellungen\Christian Leutwyler\Eigene Dateien\Verband TKS\Homepage\Aktuell\TKS\adliswil\pics\gurt_orange_txt.gif --> www.tks-karate.ch /public_html/ag_pruefung/adliswil/pics gurt_orange_txt.gif
2005.10.04 22:01 B C:\Dokumente und Einstellungen\Christian Leutwyler\Eigene Dateien\Verband TKS\Homepage\Aktuell\TKS\adliswil\pics\gurt_schwarz.gif --> www.tks-karate.ch /public_html/ag_pruefung/adliswil/pics gurt_schwarz.gif
2005.10.04 22:01 B C:\Dokumente und Einstellungen\Christian Leutwyler\Eigene Dateien\Verband TKS\Homepage\Aktuell\TKS\adliswil\pics\gurt_schwarz_txt.gif --> www.tks-karate.ch /public_html/ag_pruefung/adliswil/pics gurt_schwarz_txt.gif
2005.10.04 22:01 B C:\Dokumente und Einstellungen\Christian Leutwyler\Eigene Dateien\Verband TKS\Homepage\Aktuell\TKS\adliswil\pics\gurt_violett.gif --> www.tks-karate.ch /public_html/ag_pruefung/adliswil/pics gurt_violett.gif
2005.10.04 22:01 B C:\Dokumente und Einstellungen\Christian Leutwyler\Eigene Dateien\Verband TKS\Homepage\Aktuell\TKS\adliswil\pics\gurt_violett_txt.gif --> www.tks-karate.ch /public_html/ag_pruefung/adliswil/pics gurt_violett_txt.gif
2005.10.04 22:01 B C:\Dokumente und Einstellungen\Christian Leutwyler\Eigene Dateien\Verband TKS\Homepage\Aktuell\TKS\adliswil\pics\gurt_weiss.gif --> www.tks-karate.ch /public_html/ag_pruefung/adliswil/pics gurt_weiss.gif
2005.10.04 22:01 B C:\Dokumente und Einstellungen\Christian Leutwyler\Eigene Dateien\Verband TKS\Homepage\Aktuell\TKS\adliswil\pics\gurt_weiss_txt.gif --> www.tks-karate.ch /public_html/ag_pruefung/adliswil/pics gurt_weiss_txt.gif
2005.10.04 22:01 B C:\Dokumente und Einstellungen\Christian Leutwyler\Eigene Dateien\Verband TKS\Homepage\Aktuell\TKS\adliswil\pics\hishiryo_small.gif --> www.tks-karate.ch /public_html/ag_pruefung/adliswil/pics hishiryo_small.gif
2005.10.04 22:02 B C:\Dokumente und Einstellungen\Christian Leutwyler\Eigene Dateien\Verband TKS\Homepage\Aktuell\TKS\adliswil\pics\karateDo_small.gif --> www.tks-karate.ch /public_html/ag_pruefung/adliswil/pics karateDo_small.gif
2005.10.04 22:02 B C:\Dokumente und Einstellungen\Christian Leutwyler\Eigene Dateien\Verband TKS\Homepage\Aktuell\TKS\adliswil\pics\kreis_small.gif --> www.tks-karate.ch /public_html/ag_pruefung/adliswil/pics kreis_small.gif
2005.10.04 22:02 B C:\Dokumente und Einstellungen\Christian Leutwyler\Eigene Dateien\Verband TKS\Homepage\Aktuell\TKS\adliswil\pics\logo_small.gif --> www.tks-karate.ch /public_html/ag_pruefung/adliswil/pics logo_small.gif
2005.10.04 22:02 B C:\Dokumente und Einstellungen\Christian Leutwyler\Eigene Dateien\Verband TKS\Homepage\Aktuell\TKS\adliswil\pics\main_hell2.gif --> www.tks-karate.ch /public_html/ag_pruefung/adliswil/pics main_hell2.gif
2005.10.04 22:02 B C:\Dokumente und Einstellungen\Christian Leutwyler\Eigene Dateien\Verband TKS\Homepage\Aktuell\TKS\adliswil\pics\main_hell2_faded.jpg --> www.tks-karate.ch /public_html/ag_pruefung/adliswil/pics main_hell2_faded.jpg
2005.10.04 22:02 B C:\Dokumente und Einstellungen\Christian Leutwyler\Eigene Dateien\Verband TKS\Homepage\Aktuell\TKS\adliswil\pics\mu_small.gif --> www.tks-karate.ch /public_html/ag_pruefung/adliswil/pics mu_small.gif
2005.10.04 22:02 B C:\Dokumente und Einstellungen\Christian Leutwyler\Eigene Dateien\Verband TKS\Homepage\Aktuell\TKS\adliswil\pics\ortsplan_adliswil.gif --> www.tks-karate.ch /public_html/ag_pruefung/adliswil/pics ortsplan_adliswil.gif
2005.10.04 22:02 B C:\Dokumente und Einstellungen\Christian Leutwyler\Eigene Dateien\Verband TKS\Homepage\Aktuell\TKS\adliswil\pics\titelbalken.jpg --> www.tks-karate.ch /public_html/ag_pruefung/adliswil/pics titelbalken.jpg
2005.10.04 22:15 B C:\Dokumente und Einstellungen\Christian Leutwyler\Eigene Dateien\Verband TKS\Homepage\Aktuell\TKS\adliswil\pics\atmung_small.gif --> www.tks-karate.ch /adliswil/pics atmung_small.gif
2005.10.04 22:15 B C:\Dokumente und Einstellungen\Christian Leutwyler\Eigene Dateien\Verband TKS\Homepage\Aktuell\TKS\adliswil\pics\do_small.gif --> www.tks-karate.ch /adliswil/pics do_small.gif
2005.10.04 22:15 B C:\Dokumente und Einstellungen\Christian Leutwyler\Eigene Dateien\Verband TKS\Homepage\Aktuell\TKS\adliswil\pics\erweckung_small.gif --> www.tks-karate.ch /adliswil/pics erweckung_small.gif
2005.10.04 22:15 B C:\Dokumente und Einstellungen\Christian Leutwyler\Eigene Dateien\Verband TKS\Homepage\Aktuell\TKS\adliswil\pics\funakoshi_small.jpg --> www.tks-karate.ch /adliswil/pics funakoshi_small.jpg
2005.10.04 22:15 B C:\Dokumente und Einstellungen\Christian Leutwyler\Eigene Dateien\Verband TKS\Homepage\Aktuell\TKS\adliswil\pics\gurt_blau.gif --> www.tks-karate.ch /adliswil/pics gurt_blau.gif
2005.10.04 22:15 B C:\Dokumente und Einstellungen\Christian Leutwyler\Eigene Dateien\Verband TKS\Homepage\Aktuell\TKS\adliswil\pics\gurt_blau_txt.gif --> www.tks-karate.ch /adliswil/pics gurt_blau_txt.gif
2005.10.04 22:15 B C:\Dokumente und Einstellungen\Christian Leutwyler\Eigene Dateien\Verband TKS\Homepage\Aktuell\TKS\adliswil\pics\gurt_braun.gif --> www.tks-karate.ch /adliswil/pics gurt_braun.gif
2005.10.04 22:15 B C:\Dokumente und Einstellungen\Christian Leutwyler\Eigene Dateien\Verband TKS\Homepage\Aktuell\TKS\adliswil\pics\gurt_braun_txt.gif --> www.tks-karate.ch /adliswil/pics gurt_braun_txt.gif
2005.10.04 22:15 B C:\Dokumente und Einstellungen\Christian Leutwyler\Eigene Dateien\Verband TKS\Homepage\Aktuell\TKS\adliswil\pics\gurt_gelb.gif --> www.tks-karate.ch /adliswil/pics gurt_gelb.gif
2005.10.04 22:15 B C:\Dokumente und Einstellungen\Christian Leutwyler\Eigene Dateien\Verband TKS\Homepage\Aktuell\TKS\adliswil\pics\gurt_gelb_txt.gif --> www.tks-karate.ch /adliswil/pics gurt_gelb_txt.gif
2005.10.04 22:15 B C:\Dokumente und Einstellungen\Christian Leutwyler\Eigene Dateien\Verband TKS\Homepage\Aktuell\TKS\adliswil\pics\gurt_gruen.gif --> www.tks-karate.ch /adliswil/pics gurt_gruen.gif
2005.10.04 22:15 B C:\Dokumente und Einstellungen\Christian Leutwyler\Eigene Dateien\Verband TKS\Homepage\Aktuell\TKS\adliswil\pics\gurt_gruen_txt.gif --> www.tks-karate.ch /adliswil/pics gurt_gruen_txt.gif
2005.10.04 22:15 B C:\Dokumente und Einstellungen\Christian Leutwyler\Eigene Dateien\Verband TKS\Homepage\Aktuell\TKS\adliswil\pics\gurt_orange.gif --> www.tks-karate.ch /adliswil/pics gurt_orange.gif
2005.10.04 22:15 B C:\Dokumente und Einstellungen\Christian Leutwyler\Eigene Dateien\Verband TKS\Homepage\Aktuell\TKS\adliswil\pics\gurt_orange_txt.gif --> www.tks-karate.ch /adliswil/pics gurt_orange_txt.gif
2005.10.04 22:15 B C:\Dokumente und Einstellungen\Christian Leutwyler\Eigene Dateien\Verband TKS\Homepage\Aktuell\TKS\adliswil\pics\gurt_schwarz.gif --> www.tks-karate.ch /adliswil/pics gurt_schwarz.gif
2005.10.04 22:15 B C:\Dokumente und Einstellungen\Christian Leutwyler\Eigene Dateien\Verband TKS\Homepage\Aktuell\TKS\adliswil\pics\gurt_schwarz_txt.gif --> www.tks-karate.ch /adliswil/pics gurt_schwarz_txt.gif
2005.10.04 22:15 B C:\Dokumente und Einstellungen\Christian Leutwyler\Eigene Dateien\Verband TKS\Homepage\Aktuell\TKS\adliswil\pics\gurt_violett.gif --> www.tks-karate.ch /adliswil/pics gurt_violett.gif
2005.10.04 22:15 B C:\Dokumente und Einstellungen\Christian Leutwyler\Eigene Dateien\Verband TKS\Homepage\Aktuell\TKS\adliswil\pics\gurt_violett_txt.gif --> www.tks-karate.ch /adliswil/pics gurt_violett_txt.gif
2005.10.04 22:15 B C:\Dokumente und Einstellungen\Christian Leutwyler\Eigene Dateien\Verband TKS\Homepage\Aktuell\TKS\adliswil\pics\gurt_weiss.gif --> www.tks-karate.ch /adliswil/pics gurt_weiss.gif
2005.10.04 22:15 B C:\Dokumente und Einstellungen\Christian Leutwyler\Eigene Dateien\Verband TKS\Homepage\Aktuell\TKS\adliswil\pics\gurt_weiss_txt.gif --> www.tks-karate.ch /adliswil/pics gurt_weiss_txt.gif
2005.10.04 22:15 B C:\Dokumente und Einstellungen\Christian Leutwyler\Eigene Dateien\Verband TKS\Homepage\Aktuell\TKS\adliswil\pics\hishiryo_small.gif --> www.tks-karate.ch /adliswil/pics hishiryo_small.gif
2005.10.04 22:15 B C:\Dokumente und Einstellungen\Christian Leutwyler\Eigene Dateien\Verband TKS\Homepage\Aktuell\TKS\adliswil\pics\karateDo_small.gif --> www.tks-karate.ch /adliswil/pics karateDo_small.gif
2005.10.04 22:15 B C:\Dokumente und Einstellungen\Christian Leutwyler\Eigene Dateien\Verband TKS\Homepage\Aktuell\TKS\adliswil\pics\kreis_small.gif --> www.tks-karate.ch /adliswil/pics kreis_small.gif
2005.10.04 22:15 B C:\Dokumente und Einstellungen\Christian Leutwyler\Eigene Dateien\Verband TKS\Homepage\Aktuell\TKS\adliswil\pics\logo_small.gif --> www.tks-karate.ch /adliswil/pics logo_small.gif
2005.10.04 22:15 B C:\Dokumente und Einstellungen\Christian Leutwyler\Eigene Dateien\Verband TKS\Homepage\Aktuell\TKS\adliswil\pics\main_hell2.gif --> www.tks-karate.ch /adliswil/pics main_hell2.gif
2005.10.04 22:15 B C:\Dokumente und Einstellungen\Christian Leutwyler\Eigene Dateien\Verband TKS\Homepage\Aktuell\TKS\adliswil\pics\main_hell2_faded.jpg --> www.tks-karate.ch /adliswil/pics main_hell2_faded.jpg
2005.10.04 22:15 B C:\Dokumente und Einstellungen\Christian Leutwyler\Eigene Dateien\Verband TKS\Homepage\Aktuell\TKS\adliswil\pics\mu_small.gif --> www.tks-karate.ch /adliswil/pics mu_small.gif
2005.10.04 22:15 B C:\Dokumente und Einstellungen\Christian Leutwyler\Eigene Dateien\Verband TKS\Homepage\Aktuell\TKS\adliswil\pics\ortsplan_adliswil.gif --> www.tks-karate.ch /adliswil/pics ortsplan_adliswil.gif
2005.10.04 22:15 B C:\Dokumente und Einstellungen\Christian Leutwyler\Eigene Dateien\Verband TKS\Homepage\Aktuell\TKS\adliswil\pics\titelbalken.jpg --> www.tks-karate.ch /adliswil/pics titelbalken.jpg
2005.10.04 22:15 B C:\Dokumente und Einstellungen\Christian Leutwyler\Eigene Dateien\Verband TKS\Homepage\Aktuell\TKS\adliswil\pics\WS_FTP.LOG --> www.tks-karate.ch /adliswil/pics WS_FTP.LOG
2005.10.04 22:39 B C:\Dokumente und Einstellungen\Christian Leutwyler\Eigene Dateien\Verband TKS\Homepage\Aktuell\TKS\adliswil\pics\atmung_small.gif --> www.tks-karate.ch /public_html/adliswil/pics atmung_small.gif
2005.10.04 22:39 B C:\Dokumente und Einstellungen\Christian Leutwyler\Eigene Dateien\Verband TKS\Homepage\Aktuell\TKS\adliswil\pics\do_small.gif --> www.tks-karate.ch /public_html/adliswil/pics do_small.gif
2005.10.04 22:39 B C:\Dokumente und Einstellungen\Christian Leutwyler\Eigene Dateien\Verband TKS\Homepage\Aktuell\TKS\adliswil\pics\erweckung_small.gif --> www.tks-karate.ch /public_html/adliswil/pics erweckung_small.gif
2005.10.04 22:39 B C:\Dokumente und Einstellungen\Christian Leutwyler\Eigene Dateien\Verband TKS\Homepage\Aktuell\TKS\adliswil\pics\funakoshi_small.jpg --> www.tks-karate.ch /public_html/adliswil/pics funakoshi_small.jpg
2005.10.04 22:39 B C:\Dokumente und Einstellungen\Christian Leutwyler\Eigene Dateien\Verband TKS\Homepage\Aktuell\TKS\adliswil\pics\gurt_blau.gif --> www.tks-karate.ch /public_html/adliswil/pics gurt_blau.gif
2005.10.04 22:39 B C:\Dokumente und Einstellungen\Christian Leutwyler\Eigene Dateien\Verband TKS\Homepage\Aktuell\TKS\adliswil\pics\gurt_blau_txt.gif --> www.tks-karate.ch /public_html/adliswil/pics gurt_blau_txt.gif
2005.10.04 22:39 B C:\Dokumente und Einstellungen\Christian Leutwyler\Eigene Dateien\Verband TKS\Homepage\Aktuell\TKS\adliswil\pics\gurt_braun.gif --> www.tks-karate.ch /public_html/adliswil/pics gurt_braun.gif
2005.10.04 22:39 B C:\Dokumente und Einstellungen\Christian Leutwyler\Eigene Dateien\Verband TKS\Homepage\Aktuell\TKS\adliswil\pics\gurt_braun_txt.gif --> www.tks-karate.ch /public_html/adliswil/pics gurt_braun_txt.gif
2005.10.04 22:39 B C:\Dokumente und Einstellungen\Christian Leutwyler\Eigene Dateien\Verband TKS\Homepage\Aktuell\TKS\adliswil\pics\gurt_gelb.gif --> www.tks-karate.ch /public_html/adliswil/pics gurt_gelb.gif
2005.10.04 22:39 B C:\Dokumente und Einstellungen\Christian Leutwyler\Eigene Dateien\Verband TKS\Homepage\Aktuell\TKS\adliswil\pics\gurt_gelb_txt.gif --> www.tks-karate.ch /public_html/adliswil/pics gurt_gelb_txt.gif
2005.10.04 22:39 B C:\Dokumente und Einstellungen\Christian Leutwyler\Eigene Dateien\Verband TKS\Homepage\Aktuell\TKS\adliswil\pics\gurt_gruen.gif --> www.tks-karate.ch /public_html/adliswil/pics gurt_gruen.gif
2005.10.04 22:39 B C:\Dokumente und Einstellungen\Christian Leutwyler\Eigene Dateien\Verband TKS\Homepage\Aktuell\TKS\adliswil\pics\gurt_gruen_txt.gif --> www.tks-karate.ch /public_html/adliswil/pics gurt_gruen_txt.gif
2005.10.04 22:39 B C:\Dokumente und Einstellungen\Christian Leutwyler\Eigene Dateien\Verband TKS\Homepage\Aktuell\TKS\adliswil\pics\gurt_orange.gif --> www.tks-karate.ch /public_html/adliswil/pics gurt_orange.gif
2005.10.04 22:39 B C:\Dokumente und Einstellungen\Christian Leutwyler\Eigene Dateien\Verband TKS\Homepage\Aktuell\TKS\adliswil\pics\gurt_orange_txt.gif --> www.tks-karate.ch /public_html/adliswil/pics gurt_orange_txt.gif
2005.10.04 22:39 B C:\Dokumente und Einstellungen\Christian Leutwyler\Eigene Dateien\Verband TKS\Homepage\Aktuell\TKS\adliswil\pics\gurt_schwarz.gif --> www.tks-karate.ch /public_html/adliswil/pics gurt_schwarz.gif
2005.10.04 22:39 B C:\Dokumente und Einstellungen\Christian Leutwyler\Eigene Dateien\Verband TKS\Homepage\Aktuell\TKS\adliswil\pics\gurt_schwarz_txt.gif --> www.tks-karate.ch /public_html/adliswil/pics gurt_schwarz_txt.gif
2005.10.04 22:39 B C:\Dokumente und Einstellungen\Christian Leutwyler\Eigene Dateien\Verband TKS\Homepage\Aktuell\TKS\adliswil\pics\gurt_violett.gif --> www.tks-karate.ch /public_html/adliswil/pics gurt_violett.gif
2005.10.04 22:39 B C:\Dokumente und Einstellungen\Christian Leutwyler\Eigene Dateien\Verband TKS\Homepage\Aktuell\TKS\adliswil\pics\gurt_violett_txt.gif --> www.tks-karate.ch /public_html/adliswil/pics gurt_violett_txt.gif
2005.10.04 22:39 B C:\Dokumente und Einstellungen\Christian Leutwyler\Eigene Dateien\Verband TKS\Homepage\Aktuell\TKS\adliswil\pics\gurt_weiss.gif --> www.tks-karate.ch /public_html/adliswil/pics gurt_weiss.gif
2005.10.04 22:39 B C:\Dokumente und Einstellungen\Christian Leutwyler\Eigene Dateien\Verband TKS\Homepage\Aktuell\TKS\adliswil\pics\gurt_weiss_txt.gif --> www.tks-karate.ch /public_html/adliswil/pics gurt_weiss_txt.gif
2005.10.04 22:39 B C:\Dokumente und Einstellungen\Christian Leutwyler\Eigene Dateien\Verband TKS\Homepage\Aktuell\TKS\adliswil\pics\hishiryo_small.gif --> www.tks-karate.ch /public_html/adliswil/pics hishiryo_small.gif
2005.10.04 22:39 B C:\Dokumente und Einstellungen\Christian Leutwyler\Eigene Dateien\Verband TKS\Homepage\Aktuell\TKS\adliswil\pics\karateDo_small.gif --> www.tks-karate.ch /public_html/adliswil/pics karateDo_small.gif
2005.10.04 22:39 B C:\Dokumente und Einstellungen\Christian Leutwyler\Eigene Dateien\Verband TKS\Homepage\Aktuell\TKS\adliswil\pics\kreis_small.gif --> www.tks-karate.ch /public_html/adliswil/pics kreis_small.gif
2005.10.04 22:39 B C:\Dokumente und Einstellungen\Christian Leutwyler\Eigene Dateien\Verband TKS\Homepage\Aktuell\TKS\adliswil\pics\logo_small.gif --> www.tks-karate.ch /public_html/adliswil/pics logo_small.gif
2005.10.04 22:39 B C:\Dokumente und Einstellungen\Christian Leutwyler\Eigene Dateien\Verband TKS\Homepage\Aktuell\TKS\adliswil\pics\main_hell2.gif --> www.tks-karate.ch /public_html/adliswil/pics main_hell2.gif
2005.10.04 22:39 B C:\Dokumente und Einstellungen\Christian Leutwyler\Eigene Dateien\Verband TKS\Homepage\Aktuell\TKS\adliswil\pics\main_hell2_faded.jpg --> www.tks-karate.ch /public_html/adliswil/pics main_hell2_faded.jpg
2005.10.04 22:39 B C:\Dokumente und Einstellungen\Christian Leutwyler\Eigene Dateien\Verband TKS\Homepage\Aktuell\TKS\adliswil\pics\mu_small.gif --> www.tks-karate.ch /public_html/adliswil/pics mu_small.gif
2005.10.04 22:39 B C:\Dokumente und Einstellungen\Christian Leutwyler\Eigene Dateien\Verband TKS\Homepage\Aktuell\TKS\adliswil\pics\ortsplan_adliswil.gif --> www.tks-karate.ch /public_html/adliswil/pics ortsplan_adliswil.gif
2005.10.04 22:39 B C:\Dokumente und Einstellungen\Christian Leutwyler\Eigene Dateien\Verband TKS\Homepage\Aktuell\TKS\adliswil\pics\titelbalken.jpg --> www.tks-karate.ch /public_html/adliswil/pics titelbalken.jpg
2005.10.04 22:39 B C:\Dokumente und Einstellungen\Christian Leutwyler\Eigene Dateien\Verband TKS\Homepage\Aktuell\TKS\adliswil\pics\WS_FTP.LOG --> www.tks-karate.ch /public_html/adliswil/pics WS_FTP.LOG
2005.10.04 23:02 B C:\Dokumente und Einstellungen\Christian Leutwyler\Eigene Dateien\Verband TKS\Homepage\Aktuell\TKS\adliswil\pics\WS_FTP.LOG --> www.tks-karate.ch /public_html/adliswil/pics WS_FTP.LOG
2005.10.05 22:38 B C:\Dokumente und Einstellungen\Christian Leutwyler\Eigene Dateien\Verband TKS\Homepage\Aktuell\TKS\adliswil\pics\WS_FTP.LOG --> www.tks-karate.ch /public_html/adliswil/pics WS_FTP.LOG
2005.11.13 11:32 B C:\Dokumente und Einstellungen\Christian Leutwyler\Eigene Dateien\Verband TKS\Homepage\Aktuell\TKS\adliswil\pics\atmung_small.gif --> www.tks-karate.ch /adliswil/pics atmung_small.gif
2005.11.13 11:32 B C:\Dokumente und Einstellungen\Christian Leutwyler\Eigene Dateien\Verband TKS\Homepage\Aktuell\TKS\adliswil\pics\do_small.gif --> www.tks-karate.ch /adliswil/pics do_small.gif
2005.11.13 11:32 B C:\Dokumente und Einstellungen\Christian Leutwyler\Eigene Dateien\Verband TKS\Homepage\Aktuell\TKS\adliswil\pics\erweckung_small.gif --> www.tks-karate.ch /adliswil/pics erweckung_small.gif
2005.11.13 11:32 B C:\Dokumente und Einstellungen\Christian Leutwyler\Eigene Dateien\Verband TKS\Homepage\Aktuell\TKS\adliswil\pics\funakoshi_small.jpg --> www.tks-karate.ch /adliswil/pics funakoshi_small.jpg
2005.11.13 11:32 B C:\Dokumente und Einstellungen\Christian Leutwyler\Eigene Dateien\Verband TKS\Homepage\Aktuell\TKS\adliswil\pics\gurt_blau.gif --> www.tks-karate.ch /adliswil/pics gurt_blau.gif
2005.11.13 11:32 B C:\Dokumente und Einstellungen\Christian Leutwyler\Eigene Dateien\Verband TKS\Homepage\Aktuell\TKS\adliswil\pics\gurt_blau_txt.gif --> www.tks-karate.ch /adliswil/pics gurt_blau_txt.gif
2005.11.13 11:32 B C:\Dokumente und Einstellungen\Christian Leutwyler\Eigene Dateien\Verband TKS\Homepage\Aktuell\TKS\adliswil\pics\gurt_braun.gif --> www.tks-karate.ch /adliswil/pics gurt_braun.gif
2005.11.13 11:32 B C:\Dokumente und Einstellungen\Christian Leutwyler\Eigene Dateien\Verband TKS\Homepage\Aktuell\TKS\adliswil\pics\gurt_braun_txt.gif --> www.tks-karate.ch /adliswil/pics gurt_braun_txt.gif
2005.11.13 11:32 B C:\Dokumente und Einstellungen\Christian Leutwyler\Eigene Dateien\Verband TKS\Homepage\Aktuell\TKS\adliswil\pics\gurt_gelb.gif --> www.tks-karate.ch /adliswil/pics gurt_gelb.gif
2005.11.13 11:32 B C:\Dokumente und Einstellungen\Christian Leutwyler\Eigene Dateien\Verband TKS\Homepage\Aktuell\TKS\adliswil\pics\gurt_gelb_txt.gif --> www.tks-karate.ch /adliswil/pics gurt_gelb_txt.gif
2005.11.13 11:32 B C:\Dokumente und Einstellungen\Christian Leutwyler\Eigene Dateien\Verband TKS\Homepage\Aktuell\TKS\adliswil\pics\gurt_gruen.gif --> www.tks-karate.ch /adliswil/pics gurt_gruen.gif
2005.11.13 11:32 B C:\Dokumente und Einstellungen\Christian Leutwyler\Eigene Dateien\Verband TKS\Homepage\Aktuell\TKS\adliswil\pics\gurt_gruen_txt.gif --> www.tks-karate.ch /adliswil/pics gurt_gruen_txt.gif
2005.11.13 11:32 B C:\Dokumente und Einstellungen\Christian Leutwyler\Eigene Dateien\Verband TKS\Homepage\Aktuell\TKS\adliswil\pics\gurt_orange.gif --> www.tks-karate.ch /adliswil/pics gurt_orange.gif
2005.11.13 11:32 B C:\Dokumente und Einstellungen\Christian Leutwyler\Eigene Dateien\Verband TKS\Homepage\Aktuell\TKS\adliswil\pics\gurt_orange_txt.gif --> www.tks-karate.ch /adliswil/pics gurt_orange_txt.gif
2005.11.13 11:32 B C:\Dokumente und Einstellungen\Christian Leutwyler\Eigene Dateien\Verband TKS\Homepage\Aktuell\TKS\adliswil\pics\gurt_schwarz.gif --> www.tks-karate.ch /adliswil/pics gurt_schwarz.gif
2005.11.13 11:32 B C:\Dokumente und Einstellungen\Christian Leutwyler\Eigene Dateien\Verband TKS\Homepage\Aktuell\TKS\adliswil\pics\gurt_schwarz_txt.gif --> www.tks-karate.ch /adliswil/pics gurt_schwarz_txt.gif
2005.11.13 11:32 B C:\Dokumente und Einstellungen\Christian Leutwyler\Eigene Dateien\Verband TKS\Homepage\Aktuell\TKS\adliswil\pics\gurt_violett.gif --> www.tks-karate.ch /adliswil/pics gurt_violett.gif
2005.11.13 11:32 B C:\Dokumente und Einstellungen\Christian Leutwyler\Eigene Dateien\Verband TKS\Homepage\Aktuell\TKS\adliswil\pics\gurt_violett_txt.gif --> www.tks-karate.ch /adliswil/pics gurt_violett_txt.gif
2005.11.13 11:32 B C:\Dokumente und Einstellungen\Christian Leutwyler\Eigene Dateien\Verband TKS\Homepage\Aktuell\TKS\adliswil\pics\gurt_weiss.gif --> www.tks-karate.ch /adliswil/pics gurt_weiss.gif
2005.11.13 11:32 B C:\Dokumente und Einstellungen\Christian Leutwyler\Eigene Dateien\Verband TKS\Homepage\Aktuell\TKS\adliswil\pics\gurt_weiss_txt.gif --> www.tks-karate.ch /adliswil/pics gurt_weiss_txt.gif
2005.11.13 11:32 B C:\Dokumente und Einstellungen\Christian Leutwyler\Eigene Dateien\Verband TKS\Homepage\Aktuell\TKS\adliswil\pics\hishiryo_small.gif --> www.tks-karate.ch /adliswil/pics hishiryo_small.gif
2005.11.13 11:32 B C:\Dokumente und Einstellungen\Christian Leutwyler\Eigene Dateien\Verband TKS\Homepage\Aktuell\TKS\adliswil\pics\karateDo_small.gif --> www.tks-karate.ch /adliswil/pics karateDo_small.gif
2005.11.13 11:32 B C:\Dokumente und Einstellungen\Christian Leutwyler\Eigene Dateien\Verband TKS\Homepage\Aktuell\TKS\adliswil\pics\kreis_small.gif --> www.tks-karate.ch /adliswil/pics kreis_small.gif
2005.11.13 11:32 B C:\Dokumente und Einstellungen\Christian Leutwyler\Eigene Dateien\Verband TKS\Homepage\Aktuell\TKS\adliswil\pics\logo_small.gif --> www.tks-karate.ch /adliswil/pics logo_small.gif
2005.11.13 11:32 B C:\Dokumente und Einstellungen\Christian Leutwyler\Eigene Dateien\Verband TKS\Homepage\Aktuell\TKS\adliswil\pics\main_hell2.gif --> www.tks-karate.ch /adliswil/pics main_hell2.gif
2005.11.13 11:32 B C:\Dokumente und Einstellungen\Christian Leutwyler\Eigene Dateien\Verband TKS\Homepage\Aktuell\TKS\adliswil\pics\main_hell2_faded.jpg --> www.tks-karate.ch /adliswil/pics main_hell2_faded.jpg
2005.11.13 11:32 B C:\Dokumente und Einstellungen\Christian Leutwyler\Eigene Dateien\Verband TKS\Homepage\Aktuell\TKS\adliswil\pics\mu_small.gif --> www.tks-karate.ch /adliswil/pics mu_small.gif
2005.11.13 11:32 B C:\Dokumente und Einstellungen\Christian Leutwyler\Eigene Dateien\Verband TKS\Homepage\Aktuell\TKS\adliswil\pics\ortsplan_adliswil.gif --> www.tks-karate.ch /adliswil/pics ortsplan_adliswil.gif
2005.11.13 11:32 B C:\Dokumente und Einstellungen\Christian Leutwyler\Eigene Dateien\Verband TKS\Homepage\Aktuell\TKS\adliswil\pics\titelbalken.jpg --> www.tks-karate.ch /adliswil/pics titelbalken.jpg
2005.11.13 11:32 B C:\Dokumente und Einstellungen\Christian Leutwyler\Eigene Dateien\Verband TKS\Homepage\Aktuell\TKS\adliswil\pics\WS_FTP.LOG --> www.tks-karate.ch /adliswil/pics WS_FTP.LOG
2005.11.13 11:37 B C:\Dokumente und Einstellungen\Christian Leutwyler\Eigene Dateien\Verband TKS\Homepage\Aktuell\TKS\adliswil\pics\WS_FTP.LOG --> www.tks-karate.ch /public_html/adliswil/pics WS_FTP.LOG
2005.11.29 21:15 B C:\Dokumente und Einstellungen\Christian Leutwyler\Eigene Dateien\Verband TKS\Homepage\Aktuell\TKS\adliswil\pics\WS_FTP.LOG --> www.tks-karate.ch /public_html/adliswil/pics WS_FTP.LOG
2006.01.11 13:18 B C:\Dokumente und Einstellungen\Christian Leutwyler\Eigene Dateien\Verband TKS\Homepage\Aktuell\TKS\adliswil\pics\WS_FTP.LOG --> www.tks-karate.ch /public_html/adliswil/pics WS_FTP.LOG
