2005.10.04 22:02 B C:\Dokumente und Einstellungen\Christian Leutwyler\Eigene Dateien\Verband TKS\Homepage\Aktuell\TKS\adliswil\animate.js --> www.tks-karate.ch /public_html/ag_pruefung/adliswil animate.js
2005.10.04 22:02 B C:\Dokumente und Einstellungen\Christian Leutwyler\Eigene Dateien\Verband TKS\Homepage\Aktuell\TKS\adliswil\banner.htm --> www.tks-karate.ch /public_html/ag_pruefung/adliswil banner.htm
2005.10.04 22:02 B C:\Dokumente und Einstellungen\Christian Leutwyler\Eigene Dateien\Verband TKS\Homepage\Aktuell\TKS\adliswil\blau.htm --> www.tks-karate.ch /public_html/ag_pruefung/adliswil blau.htm
2005.10.04 22:02 B C:\Dokumente und Einstellungen\Christian Leutwyler\Eigene Dateien\Verband TKS\Homepage\Aktuell\TKS\adliswil\braun.htm --> www.tks-karate.ch /public_html/ag_pruefung/adliswil braun.htm
2005.10.04 22:02 B C:\Dokumente und Einstellungen\Christian Leutwyler\Eigene Dateien\Verband TKS\Homepage\Aktuell\TKS\adliswil\gelb.htm --> www.tks-karate.ch /public_html/ag_pruefung/adliswil gelb.htm
2005.10.04 22:02 B C:\Dokumente und Einstellungen\Christian Leutwyler\Eigene Dateien\Verband TKS\Homepage\Aktuell\TKS\adliswil\gruen.htm --> www.tks-karate.ch /public_html/ag_pruefung/adliswil gruen.htm
2005.10.04 22:02 B C:\Dokumente und Einstellungen\Christian Leutwyler\Eigene Dateien\Verband TKS\Homepage\Aktuell\TKS\adliswil\index.htm --> www.tks-karate.ch /public_html/ag_pruefung/adliswil index.htm
2005.10.04 22:02 B C:\Dokumente und Einstellungen\Christian Leutwyler\Eigene Dateien\Verband TKS\Homepage\Aktuell\TKS\adliswil\orange.htm --> www.tks-karate.ch /public_html/ag_pruefung/adliswil orange.htm
2005.10.04 22:02 B C:\Dokumente und Einstellungen\Christian Leutwyler\Eigene Dateien\Verband TKS\Homepage\Aktuell\TKS\adliswil\schwarz.htm --> www.tks-karate.ch /public_html/ag_pruefung/adliswil schwarz.htm
2005.10.04 22:02 B C:\Dokumente und Einstellungen\Christian Leutwyler\Eigene Dateien\Verband TKS\Homepage\Aktuell\TKS\adliswil\start.htm --> www.tks-karate.ch /public_html/ag_pruefung/adliswil start.htm
2005.10.04 22:02 B C:\Dokumente und Einstellungen\Christian Leutwyler\Eigene Dateien\Verband TKS\Homepage\Aktuell\TKS\adliswil\titel.htm --> www.tks-karate.ch /public_html/ag_pruefung/adliswil titel.htm
2005.10.04 22:02 B C:\Dokumente und Einstellungen\Christian Leutwyler\Eigene Dateien\Verband TKS\Homepage\Aktuell\TKS\adliswil\verzeichnis.htm --> www.tks-karate.ch /public_html/ag_pruefung/adliswil verzeichnis.htm
2005.10.04 22:02 B C:\Dokumente und Einstellungen\Christian Leutwyler\Eigene Dateien\Verband TKS\Homepage\Aktuell\TKS\adliswil\violett.htm --> www.tks-karate.ch /public_html/ag_pruefung/adliswil violett.htm
2005.10.04 22:02 B C:\Dokumente und Einstellungen\Christian Leutwyler\Eigene Dateien\Verband TKS\Homepage\Aktuell\TKS\adliswil\weiss.htm --> www.tks-karate.ch /public_html/ag_pruefung/adliswil weiss.htm
2005.10.04 22:15 B C:\Dokumente und Einstellungen\Christian Leutwyler\Eigene Dateien\Verband TKS\Homepage\Aktuell\TKS\adliswil\animate.js --> www.tks-karate.ch /adliswil animate.js
2005.10.04 22:15 B C:\Dokumente und Einstellungen\Christian Leutwyler\Eigene Dateien\Verband TKS\Homepage\Aktuell\TKS\adliswil\banner.htm --> www.tks-karate.ch /adliswil banner.htm
2005.10.04 22:15 B C:\Dokumente und Einstellungen\Christian Leutwyler\Eigene Dateien\Verband TKS\Homepage\Aktuell\TKS\adliswil\blau.htm --> www.tks-karate.ch /adliswil blau.htm
2005.10.04 22:15 B C:\Dokumente und Einstellungen\Christian Leutwyler\Eigene Dateien\Verband TKS\Homepage\Aktuell\TKS\adliswil\braun.htm --> www.tks-karate.ch /adliswil braun.htm
2005.10.04 22:15 B C:\Dokumente und Einstellungen\Christian Leutwyler\Eigene Dateien\Verband TKS\Homepage\Aktuell\TKS\adliswil\gelb.htm --> www.tks-karate.ch /adliswil gelb.htm
2005.10.04 22:15 B C:\Dokumente und Einstellungen\Christian Leutwyler\Eigene Dateien\Verband TKS\Homepage\Aktuell\TKS\adliswil\gruen.htm --> www.tks-karate.ch /adliswil gruen.htm
2005.10.04 22:16 B C:\Dokumente und Einstellungen\Christian Leutwyler\Eigene Dateien\Verband TKS\Homepage\Aktuell\TKS\adliswil\index.htm --> www.tks-karate.ch /adliswil index.htm
2005.10.04 22:16 B C:\Dokumente und Einstellungen\Christian Leutwyler\Eigene Dateien\Verband TKS\Homepage\Aktuell\TKS\adliswil\orange.htm --> www.tks-karate.ch /adliswil orange.htm
2005.10.04 22:16 B C:\Dokumente und Einstellungen\Christian Leutwyler\Eigene Dateien\Verband TKS\Homepage\Aktuell\TKS\adliswil\schwarz.htm --> www.tks-karate.ch /adliswil schwarz.htm
2005.10.04 22:16 B C:\Dokumente und Einstellungen\Christian Leutwyler\Eigene Dateien\Verband TKS\Homepage\Aktuell\TKS\adliswil\start.htm --> www.tks-karate.ch /adliswil start.htm
2005.10.04 22:16 B C:\Dokumente und Einstellungen\Christian Leutwyler\Eigene Dateien\Verband TKS\Homepage\Aktuell\TKS\adliswil\titel.htm --> www.tks-karate.ch /adliswil titel.htm
2005.10.04 22:16 B C:\Dokumente und Einstellungen\Christian Leutwyler\Eigene Dateien\Verband TKS\Homepage\Aktuell\TKS\adliswil\verzeichnis.htm --> www.tks-karate.ch /adliswil verzeichnis.htm
2005.10.04 22:16 B C:\Dokumente und Einstellungen\Christian Leutwyler\Eigene Dateien\Verband TKS\Homepage\Aktuell\TKS\adliswil\violett.htm --> www.tks-karate.ch /adliswil violett.htm
2005.10.04 22:16 B C:\Dokumente und Einstellungen\Christian Leutwyler\Eigene Dateien\Verband TKS\Homepage\Aktuell\TKS\adliswil\weiss.htm --> www.tks-karate.ch /adliswil weiss.htm
2005.10.04 22:16 B C:\Dokumente und Einstellungen\Christian Leutwyler\Eigene Dateien\Verband TKS\Homepage\Aktuell\TKS\adliswil\WS_FTP.LOG --> www.tks-karate.ch /adliswil WS_FTP.LOG
2005.10.04 22:39 B C:\Dokumente und Einstellungen\Christian Leutwyler\Eigene Dateien\Verband TKS\Homepage\Aktuell\TKS\adliswil\animate.js --> www.tks-karate.ch /public_html/adliswil animate.js
2005.10.04 22:39 B C:\Dokumente und Einstellungen\Christian Leutwyler\Eigene Dateien\Verband TKS\Homepage\Aktuell\TKS\adliswil\banner.htm --> www.tks-karate.ch /public_html/adliswil banner.htm
2005.10.04 22:39 B C:\Dokumente und Einstellungen\Christian Leutwyler\Eigene Dateien\Verband TKS\Homepage\Aktuell\TKS\adliswil\blau.htm --> www.tks-karate.ch /public_html/adliswil blau.htm
2005.10.04 22:39 B C:\Dokumente und Einstellungen\Christian Leutwyler\Eigene Dateien\Verband TKS\Homepage\Aktuell\TKS\adliswil\braun.htm --> www.tks-karate.ch /public_html/adliswil braun.htm
2005.10.04 22:39 B C:\Dokumente und Einstellungen\Christian Leutwyler\Eigene Dateien\Verband TKS\Homepage\Aktuell\TKS\adliswil\gelb.htm --> www.tks-karate.ch /public_html/adliswil gelb.htm
2005.10.04 22:39 B C:\Dokumente und Einstellungen\Christian Leutwyler\Eigene Dateien\Verband TKS\Homepage\Aktuell\TKS\adliswil\gruen.htm --> www.tks-karate.ch /public_html/adliswil gruen.htm
2005.10.04 22:39 B C:\Dokumente und Einstellungen\Christian Leutwyler\Eigene Dateien\Verband TKS\Homepage\Aktuell\TKS\adliswil\index.htm --> www.tks-karate.ch /public_html/adliswil index.htm
2005.10.04 22:39 B C:\Dokumente und Einstellungen\Christian Leutwyler\Eigene Dateien\Verband TKS\Homepage\Aktuell\TKS\adliswil\orange.htm --> www.tks-karate.ch /public_html/adliswil orange.htm
2005.10.04 22:39 B C:\Dokumente und Einstellungen\Christian Leutwyler\Eigene Dateien\Verband TKS\Homepage\Aktuell\TKS\adliswil\schwarz.htm --> www.tks-karate.ch /public_html/adliswil schwarz.htm
2005.10.04 22:39 B C:\Dokumente und Einstellungen\Christian Leutwyler\Eigene Dateien\Verband TKS\Homepage\Aktuell\TKS\adliswil\start.htm --> www.tks-karate.ch /public_html/adliswil start.htm
2005.10.04 22:39 B C:\Dokumente und Einstellungen\Christian Leutwyler\Eigene Dateien\Verband TKS\Homepage\Aktuell\TKS\adliswil\titel.htm --> www.tks-karate.ch /public_html/adliswil titel.htm
2005.10.04 22:39 B C:\Dokumente und Einstellungen\Christian Leutwyler\Eigene Dateien\Verband TKS\Homepage\Aktuell\TKS\adliswil\verzeichnis.htm --> www.tks-karate.ch /public_html/adliswil verzeichnis.htm
2005.10.04 22:39 B C:\Dokumente und Einstellungen\Christian Leutwyler\Eigene Dateien\Verband TKS\Homepage\Aktuell\TKS\adliswil\violett.htm --> www.tks-karate.ch /public_html/adliswil violett.htm
2005.10.04 22:39 B C:\Dokumente und Einstellungen\Christian Leutwyler\Eigene Dateien\Verband TKS\Homepage\Aktuell\TKS\adliswil\weiss.htm --> www.tks-karate.ch /public_html/adliswil weiss.htm
2005.10.04 22:39 B C:\Dokumente und Einstellungen\Christian Leutwyler\Eigene Dateien\Verband TKS\Homepage\Aktuell\TKS\adliswil\WS_FTP.LOG --> www.tks-karate.ch /public_html/adliswil WS_FTP.LOG
2005.10.04 23:02 B C:\Dokumente und Einstellungen\Christian Leutwyler\Eigene Dateien\Verband TKS\Homepage\Aktuell\TKS\adliswil\braun.htm --> www.tks-karate.ch /public_html/adliswil braun.htm
2005.10.04 23:02 B C:\Dokumente und Einstellungen\Christian Leutwyler\Eigene Dateien\Verband TKS\Homepage\Aktuell\TKS\adliswil\WS_FTP.LOG --> www.tks-karate.ch /public_html/adliswil WS_FTP.LOG
2005.10.05 22:38 B C:\Dokumente und Einstellungen\Christian Leutwyler\Eigene Dateien\Verband TKS\Homepage\Aktuell\TKS\adliswil\schwarz.htm --> www.tks-karate.ch /public_html/adliswil schwarz.htm
2005.10.05 22:38 B C:\Dokumente und Einstellungen\Christian Leutwyler\Eigene Dateien\Verband TKS\Homepage\Aktuell\TKS\adliswil\WS_FTP.LOG --> www.tks-karate.ch /public_html/adliswil WS_FTP.LOG
2005.11.13 11:32 B C:\Dokumente und Einstellungen\Christian Leutwyler\Eigene Dateien\Verband TKS\Homepage\Aktuell\TKS\adliswil\animate.js --> www.tks-karate.ch /adliswil animate.js
2005.11.13 11:32 B C:\Dokumente und Einstellungen\Christian Leutwyler\Eigene Dateien\Verband TKS\Homepage\Aktuell\TKS\adliswil\banner.htm --> www.tks-karate.ch /adliswil banner.htm
2005.11.13 11:32 B C:\Dokumente und Einstellungen\Christian Leutwyler\Eigene Dateien\Verband TKS\Homepage\Aktuell\TKS\adliswil\blau.htm --> www.tks-karate.ch /adliswil blau.htm
2005.11.13 11:32 B C:\Dokumente und Einstellungen\Christian Leutwyler\Eigene Dateien\Verband TKS\Homepage\Aktuell\TKS\adliswil\braun.htm --> www.tks-karate.ch /adliswil braun.htm
2005.11.13 11:32 B C:\Dokumente und Einstellungen\Christian Leutwyler\Eigene Dateien\Verband TKS\Homepage\Aktuell\TKS\adliswil\gelb.htm --> www.tks-karate.ch /adliswil gelb.htm
2005.11.13 11:32 B C:\Dokumente und Einstellungen\Christian Leutwyler\Eigene Dateien\Verband TKS\Homepage\Aktuell\TKS\adliswil\gruen.htm --> www.tks-karate.ch /adliswil gruen.htm
2005.11.13 11:32 B C:\Dokumente und Einstellungen\Christian Leutwyler\Eigene Dateien\Verband TKS\Homepage\Aktuell\TKS\adliswil\index.htm --> www.tks-karate.ch /adliswil index.htm
2005.11.13 11:32 B C:\Dokumente und Einstellungen\Christian Leutwyler\Eigene Dateien\Verband TKS\Homepage\Aktuell\TKS\adliswil\orange.htm --> www.tks-karate.ch /adliswil orange.htm
2005.11.13 11:33 B C:\Dokumente und Einstellungen\Christian Leutwyler\Eigene Dateien\Verband TKS\Homepage\Aktuell\TKS\adliswil\schwarz.htm --> www.tks-karate.ch /adliswil schwarz.htm
2005.11.13 11:33 B C:\Dokumente und Einstellungen\Christian Leutwyler\Eigene Dateien\Verband TKS\Homepage\Aktuell\TKS\adliswil\start.htm --> www.tks-karate.ch /adliswil start.htm
2005.11.13 11:33 B C:\Dokumente und Einstellungen\Christian Leutwyler\Eigene Dateien\Verband TKS\Homepage\Aktuell\TKS\adliswil\titel.htm --> www.tks-karate.ch /adliswil titel.htm
2005.11.13 11:33 B C:\Dokumente und Einstellungen\Christian Leutwyler\Eigene Dateien\Verband TKS\Homepage\Aktuell\TKS\adliswil\verzeichnis.htm --> www.tks-karate.ch /adliswil verzeichnis.htm
2005.11.13 11:33 B C:\Dokumente und Einstellungen\Christian Leutwyler\Eigene Dateien\Verband TKS\Homepage\Aktuell\TKS\adliswil\violett.htm --> www.tks-karate.ch /adliswil violett.htm
2005.11.13 11:33 B C:\Dokumente und Einstellungen\Christian Leutwyler\Eigene Dateien\Verband TKS\Homepage\Aktuell\TKS\adliswil\weiss.htm --> www.tks-karate.ch /adliswil weiss.htm
2005.11.13 11:33 B C:\Dokumente und Einstellungen\Christian Leutwyler\Eigene Dateien\Verband TKS\Homepage\Aktuell\TKS\adliswil\WS_FTP.LOG --> www.tks-karate.ch /adliswil WS_FTP.LOG
2005.11.13 11:37 B C:\Dokumente und Einstellungen\Christian Leutwyler\Eigene Dateien\Verband TKS\Homepage\Aktuell\TKS\adliswil\schwarz.htm --> www.tks-karate.ch /public_html/adliswil schwarz.htm
2005.11.13 11:37 B C:\Dokumente und Einstellungen\Christian Leutwyler\Eigene Dateien\Verband TKS\Homepage\Aktuell\TKS\adliswil\WS_FTP.LOG --> www.tks-karate.ch /public_html/adliswil WS_FTP.LOG
2005.11.29 21:15 B C:\Dokumente und Einstellungen\Christian Leutwyler\Eigene Dateien\Verband TKS\Homepage\Aktuell\TKS\adliswil\blau.htm --> www.tks-karate.ch /public_html/adliswil blau.htm
2005.11.29 21:15 B C:\Dokumente und Einstellungen\Christian Leutwyler\Eigene Dateien\Verband TKS\Homepage\Aktuell\TKS\adliswil\WS_FTP.LOG --> www.tks-karate.ch /public_html/adliswil WS_FTP.LOG
2006.01.11 13:18 B C:\Dokumente und Einstellungen\Christian Leutwyler\Eigene Dateien\Verband TKS\Homepage\Aktuell\TKS\adliswil\schwarz.htm --> www.tks-karate.ch /public_html/adliswil schwarz.htm
2006.01.11 13:18 B C:\Dokumente und Einstellungen\Christian Leutwyler\Eigene Dateien\Verband TKS\Homepage\Aktuell\TKS\adliswil\WS_FTP.LOG --> www.tks-karate.ch /public_html/adliswil WS_FTP.LOG
